<?xml version="1.0" encoding="UTF-8"?>
<!-- Generated by org.testng.reporters.JUnitReportReporter -->
<testsuite skipped="0" hostname="Raghuram" name="com.medlink.Android.TestCase.Sessions" tests="3" failures="0" timestamp="29 Jun 2017 16:07:00 GMT" time="38.626" errors="0">
  <testcase name="sessionGeneralActivities" time="8.222" classname="com.medlink.Android.TestCase.Sessions"/>
  <testcase name="session1Completion" time="24.461" classname="com.medlink.Android.TestCase.Sessions"/>
  <testcase name="session1Reset" time="5.943" classname="com.medlink.Android.TestCase.Sessions"/>
</testsuite> <!-- com.medlink.Android.TestCase.Sessions -->
