<?xml version="1.0" encoding="UTF-8"?>
<!-- Generated by org.testng.reporters.JUnitReportReporter -->
<testsuite skipped="0" hostname="Raghuram" name="com.medlink.Android.TestCase.SymptomsDiary" tests="3" failures="0" timestamp="29 Jun 2017 15:58:28 GMT" time="29.252" errors="0">
  <testcase name="symptomsCreateOrderBySymptoms" time="9.873" classname="com.medlink.Android.TestCase.SymptomsDiary"/>
  <testcase name="symptomsCreateOrderByDate" time="13.712" classname="com.medlink.Android.TestCase.SymptomsDiary"/>
  <testcase name="symptomsDiaryDelete" time="5.667" classname="com.medlink.Android.TestCase.SymptomsDiary"/>
</testsuite> <!-- com.medlink.Android.TestCase.SymptomsDiary -->
