<?xml version="1.0" encoding="UTF-8"?>
<!-- Generated by org.testng.reporters.JUnitReportReporter -->
<testsuite skipped="0" hostname="Raghuram" name="com.medlink.Android.TestCase.pillsCalculation" tests="1" failures="0" timestamp="22 Jun 2017 19:12:10 GMT" time="0.009" errors="0">
  <testcase name="deviceDayCalculation" time="0.009" classname="com.medlink.Android.TestCase.pillsCalculation"/>
</testsuite> <!-- com.medlink.Android.TestCase.pillsCalculation -->
