<?xml version="1.0" encoding="UTF-8"?>
<!-- Generated by org.testng.reporters.JUnitReportReporter -->
<testsuite skipped="0" hostname="Raghuram" name="com.medlink.Android.TestCase.HealthParameter" tests="15" failures="0" timestamp="29 Jun 2017 15:58:28 GMT" time="340.527" errors="0">
  <testcase name="minutesCaloriesDelete" time="15.574" classname="com.medlink.Android.TestCase.HealthParameter"/>
  <testcase name="viralLoadDelete" time="15.714" classname="com.medlink.Android.TestCase.HealthParameter"/>
  <testcase name="pulseCreate" time="23.362" classname="com.medlink.Android.TestCase.HealthParameter"/>
  <testcase name="cd4Delete" time="16.746" classname="com.medlink.Android.TestCase.HealthParameter"/>
  <testcase name="pulseDelete" time="16.412" classname="com.medlink.Android.TestCase.HealthParameter"/>
  <testcase name="cd4Create" time="27.738" classname="com.medlink.Android.TestCase.HealthParameter"/>
  <testcase name="minutesCaloriesCreate" time="57.484" classname="com.medlink.Android.TestCase.HealthParameter"/>
  <testcase name="bloodPressureCreate" time="32.110" classname="com.medlink.Android.TestCase.HealthParameter"/>
  <testcase name="adherenceRateCreate" time="24.500" classname="com.medlink.Android.TestCase.HealthParameter"/>
  <testcase name="viralLoadCreate" time="30.174" classname="com.medlink.Android.TestCase.HealthParameter"/>
  <testcase name="bloodPressureDelete" time="15.068" classname="com.medlink.Android.TestCase.HealthParameter"/>
  <testcase name="bmiCreate" time="41.332" classname="com.medlink.Android.TestCase.HealthParameter"/>
  <testcase name="bmiDelete" time="17.466" classname="com.medlink.Android.TestCase.HealthParameter"/>
  <testcase name="editAdherenceRate" time="3.639" classname="com.medlink.Android.TestCase.HealthParameter"/>
  <testcase name="deleteAdherenceRate" time="3.208" classname="com.medlink.Android.TestCase.HealthParameter"/>
</testsuite> <!-- com.medlink.Android.TestCase.HealthParameter -->
