<?xml version="1.0" encoding="UTF-8"?>
<!-- Generated by org.testng.reporters.JUnitReportReporter -->
<testsuite skipped="0" hostname="Raghuram" name="com.medlink.Android.TestCase.TestCase" tests="2" failures="0" timestamp="18 Jun 2017 18:41:35 GMT" time="67.546" errors="0">
  <testcase name="updateDosage" time="14.416" classname="com.medlink.Android.TestCase.TestCase"/>
  <testcase name="dailyDosageCreate" time="53.130" classname="com.medlink.Android.TestCase.TestCase"/>
</testsuite> <!-- com.medlink.Android.TestCase.TestCase -->
